<?xml version="1.0" encoding="UTF-8"?>
<testsuite xmlns:xsi="http://www.w3.org/2001/XMLSchema-instance" xsi:noNamespaceSchemaLocation="https://maven.apache.org/surefire/maven-surefire-plugin/xsd/surefire-test-report-3.0.xsd" version="3.0" name="com.weikai.SpringbootSsm03LoginV3OriginApplicationTests" time="5.432" tests="1" errors="0" skipped="0" failures="0">
  <properties>
    <property name="java.specification.version" value="17"/>
    <property name="sun.cpu.isalist" value="amd64"/>
    <property name="sun.jnu.encoding" value="GBK"/>
    <property name="java.class.path" value="D:\编程文件\Springboot2王鹤\springboot2.github.io\code\springboot-ssm03-login-v3-origin\target\test-classes;D:\编程文件\Springboot2王鹤\springboot2.github.io\code\springboot-ssm03-login-v3-origin\target\classes;D:\Myapps\maven\maven_repository\com\auth0\java-jwt\4.3.0\java-jwt-4.3.0.jar;D:\Myapps\maven\maven_repository\com\fasterxml\jackson\core\jackson-databind\2.15.3\jackson-databind-2.15.3.jar;D:\Myapps\maven\maven_repository\com\fasterxml\jackson\core\jackson-annotations\2.15.3\jackson-annotations-2.15.3.jar;D:\Myapps\maven\maven_repository\com\fasterxml\jackson\core\jackson-core\2.15.3\jackson-core-2.15.3.jar;D:\Myapps\maven\maven_repository\org\springframework\boot\spring-boot-starter-web\3.2.1\spring-boot-starter-web-3.2.1.jar;D:\Myapps\maven\maven_repository\org\springframework\boot\spring-boot-starter\3.2.1\spring-boot-starter-3.2.1.jar;D:\Myapps\maven\maven_repository\org\springframework\boot\spring-boot\3.2.1\spring-boot-3.2.1.jar;D:\Myapps\maven\maven_repository\org\springframework\boot\spring-boot-autoconfigure\3.2.1\spring-boot-autoconfigure-3.2.1.jar;D:\Myapps\maven\maven_repository\org\springframework\boot\spring-boot-starter-logging\3.2.1\spring-boot-starter-logging-3.2.1.jar;D:\Myapps\maven\maven_repository\ch\qos\logback\logback-classic\1.4.14\logback-classic-1.4.14.jar;D:\Myapps\maven\maven_repository\ch\qos\logback\logback-core\1.4.14\logback-core-1.4.14.jar;D:\Myapps\maven\maven_repository\org\apache\logging\log4j\log4j-to-slf4j\2.21.1\log4j-to-slf4j-2.21.1.jar;D:\Myapps\maven\maven_repository\org\apache\logging\log4j\log4j-api\2.21.1\log4j-api-2.21.1.jar;D:\Myapps\maven\maven_repository\org\slf4j\jul-to-slf4j\2.0.9\jul-to-slf4j-2.0.9.jar;D:\Myapps\maven\maven_repository\jakarta\annotation\jakarta.annotation-api\2.1.1\jakarta.annotation-api-2.1.1.jar;D:\Myapps\maven\maven_repository\org\yaml\snakeyaml\2.2\snakeyaml-2.2.jar;D:\Myapps\maven\maven_repository\org\springframework\boot\spring-boot-starter-json\3.2.1\spring-boot-starter-json-3.2.1.jar;D:\Myapps\maven\maven_repository\com\fasterxml\jackson\datatype\jackson-datatype-jdk8\2.15.3\jackson-datatype-jdk8-2.15.3.jar;D:\Myapps\maven\maven_repository\com\fasterxml\jackson\datatype\jackson-datatype-jsr310\2.15.3\jackson-datatype-jsr310-2.15.3.jar;D:\Myapps\maven\maven_repository\com\fasterxml\jackson\module\jackson-module-parameter-names\2.15.3\jackson-module-parameter-names-2.15.3.jar;D:\Myapps\maven\maven_repository\org\springframework\boot\spring-boot-starter-tomcat\3.2.1\spring-boot-starter-tomcat-3.2.1.jar;D:\Myapps\maven\maven_repository\org\apache\tomcat\embed\tomcat-embed-core\10.1.17\tomcat-embed-core-10.1.17.jar;D:\Myapps\maven\maven_repository\org\apache\tomcat\embed\tomcat-embed-el\10.1.17\tomcat-embed-el-10.1.17.jar;D:\Myapps\maven\maven_repository\org\apache\tomcat\embed\tomcat-embed-websocket\10.1.17\tomcat-embed-websocket-10.1.17.jar;D:\Myapps\maven\maven_repository\org\springframework\spring-web\6.1.2\spring-web-6.1.2.jar;D:\Myapps\maven\maven_repository\org\springframework\spring-beans\6.1.2\spring-beans-6.1.2.jar;D:\Myapps\maven\maven_repository\io\micrometer\micrometer-observation\1.12.1\micrometer-observation-1.12.1.jar;D:\Myapps\maven\maven_repository\io\micrometer\micrometer-commons\1.12.1\micrometer-commons-1.12.1.jar;D:\Myapps\maven\maven_repository\org\springframework\spring-webmvc\6.1.2\spring-webmvc-6.1.2.jar;D:\Myapps\maven\maven_repository\org\springframework\spring-aop\6.1.2\spring-aop-6.1.2.jar;D:\Myapps\maven\maven_repository\org\springframework\spring-context\6.1.2\spring-context-6.1.2.jar;D:\Myapps\maven\maven_repository\org\springframework\spring-expression\6.1.2\spring-expression-6.1.2.jar;D:\Myapps\maven\maven_repository\org\mybatis\spring\boot\mybatis-spring-boot-starter\3.0.3\mybatis-spring-boot-starter-3.0.3.jar;D:\Myapps\maven\maven_repository\org\springframework\boot\spring-boot-starter-jdbc\3.2.1\spring-boot-starter-jdbc-3.2.1.jar;D:\Myapps\maven\maven_repository\com\zaxxer\HikariCP\5.0.1\HikariCP-5.0.1.jar;D:\Myapps\maven\maven_repository\org\springframework\spring-jdbc\6.1.2\spring-jdbc-6.1.2.jar;D:\Myapps\maven\maven_repository\org\mybatis\spring\boot\mybatis-spring-boot-autoconfigure\3.0.3\mybatis-spring-boot-autoconfigure-3.0.3.jar;D:\Myapps\maven\maven_repository\org\mybatis\mybatis\3.5.14\mybatis-3.5.14.jar;D:\Myapps\maven\maven_repository\org\mybatis\mybatis-spring\3.0.3\mybatis-spring-3.0.3.jar;D:\Myapps\maven\maven_repository\com\mysql\mysql-connector-j\8.1.0\mysql-connector-j-8.1.0.jar;D:\Myapps\maven\maven_repository\org\springframework\boot\spring-boot-starter-test\3.2.1\spring-boot-starter-test-3.2.1.jar;D:\Myapps\maven\maven_repository\org\springframework\boot\spring-boot-test\3.2.1\spring-boot-test-3.2.1.jar;D:\Myapps\maven\maven_repository\org\springframework\boot\spring-boot-test-autoconfigure\3.2.1\spring-boot-test-autoconfigure-3.2.1.jar;D:\Myapps\maven\maven_repository\com\jayway\jsonpath\json-path\2.8.0\json-path-2.8.0.jar;D:\Myapps\maven\maven_repository\org\slf4j\slf4j-api\2.0.9\slf4j-api-2.0.9.jar;D:\Myapps\maven\maven_repository\jakarta\xml\bind\jakarta.xml.bind-api\4.0.1\jakarta.xml.bind-api-4.0.1.jar;D:\Myapps\maven\maven_repository\jakarta\activation\jakarta.activation-api\2.1.2\jakarta.activation-api-2.1.2.jar;D:\Myapps\maven\maven_repository\net\minidev\json-smart\2.5.0\json-smart-2.5.0.jar;D:\Myapps\maven\maven_repository\net\minidev\accessors-smart\2.5.0\accessors-smart-2.5.0.jar;D:\Myapps\maven\maven_repository\org\ow2\asm\asm\9.3\asm-9.3.jar;D:\Myapps\maven\maven_repository\org\assertj\assertj-core\3.24.2\assertj-core-3.24.2.jar;D:\Myapps\maven\maven_repository\net\bytebuddy\byte-buddy\1.14.10\byte-buddy-1.14.10.jar;D:\Myapps\maven\maven_repository\org\awaitility\awaitility\4.2.0\awaitility-4.2.0.jar;D:\Myapps\maven\maven_repository\org\hamcrest\hamcrest\2.2\hamcrest-2.2.jar;D:\Myapps\maven\maven_repository\org\junit\jupiter\junit-jupiter\5.10.1\junit-jupiter-5.10.1.jar;D:\Myapps\maven\maven_repository\org\junit\jupiter\junit-jupiter-api\5.10.1\junit-jupiter-api-5.10.1.jar;D:\Myapps\maven\maven_repository\org\opentest4j\opentest4j\1.3.0\opentest4j-1.3.0.jar;D:\Myapps\maven\maven_repository\org\junit\platform\junit-platform-commons\1.10.1\junit-platform-commons-1.10.1.jar;D:\Myapps\maven\maven_repository\org\apiguardian\apiguardian-api\1.1.2\apiguardian-api-1.1.2.jar;D:\Myapps\maven\maven_repository\org\junit\jupiter\junit-jupiter-params\5.10.1\junit-jupiter-params-5.10.1.jar;D:\Myapps\maven\maven_repository\org\junit\jupiter\junit-jupiter-engine\5.10.1\junit-jupiter-engine-5.10.1.jar;D:\Myapps\maven\maven_repository\org\junit\platform\junit-platform-engine\1.10.1\junit-platform-engine-1.10.1.jar;D:\Myapps\maven\maven_repository\org\mockito\mockito-core\5.7.0\mockito-core-5.7.0.jar;D:\Myapps\maven\maven_repository\net\bytebuddy\byte-buddy-agent\1.14.10\byte-buddy-agent-1.14.10.jar;D:\Myapps\maven\maven_repository\org\objenesis\objenesis\3.3\objenesis-3.3.jar;D:\Myapps\maven\maven_repository\org\mockito\mockito-junit-jupiter\5.7.0\mockito-junit-jupiter-5.7.0.jar;D:\Myapps\maven\maven_repository\org\skyscreamer\jsonassert\1.5.1\jsonassert-1.5.1.jar;D:\Myapps\maven\maven_repository\com\vaadin\external\google\android-json\0.0.20131108.vaadin1\android-json-0.0.20131108.vaadin1.jar;D:\Myapps\maven\maven_repository\org\springframework\spring-core\6.1.2\spring-core-6.1.2.jar;D:\Myapps\maven\maven_repository\org\springframework\spring-jcl\6.1.2\spring-jcl-6.1.2.jar;D:\Myapps\maven\maven_repository\org\springframework\spring-test\6.1.2\spring-test-6.1.2.jar;D:\Myapps\maven\maven_repository\org\xmlunit\xmlunit-core\2.9.1\xmlunit-core-2.9.1.jar;D:\Myapps\maven\maven_repository\org\mybatis\spring\boot\mybatis-spring-boot-starter-test\3.0.3\mybatis-spring-boot-starter-test-3.0.3.jar;D:\Myapps\maven\maven_repository\org\mybatis\spring\boot\mybatis-spring-boot-test-autoconfigure\3.0.3\mybatis-spring-boot-test-autoconfigure-3.0.3.jar;D:\Myapps\maven\maven_repository\org\springframework\spring-tx\6.1.2\spring-tx-6.1.2.jar;"/>
    <property name="java.vm.vendor" value="Oracle Corporation"/>
    <property name="sun.arch.data.model" value="64"/>
    <property name="user.variant" value=""/>
    <property name="java.vendor.url" value="https://java.oracle.com/"/>
    <property name="user.timezone" value="Asia/Shanghai"/>
    <property name="os.name" value="Windows 11"/>
    <property name="java.vm.specification.version" value="17"/>
    <property name="sun.java.launcher" value="SUN_STANDARD"/>
    <property name="user.country" value="CN"/>
    <property name="sun.boot.library.path" value="C:\Program Files\Java\jdk-17\bin"/>
    <property name="sun.java.command" value="C:\Users\28927\AppData\Local\Temp\surefire15637509937493817765\surefirebooter-20231228124937263_3.jar C:\Users\28927\AppData\Local\Temp\surefire15637509937493817765 2023-12-28T12-49-37_067-jvmRun1 surefire-20231228124937263_1tmp surefire_0-20231228124937263_2tmp"/>
    <property name="jdk.debug" value="release"/>
    <property name="surefire.test.class.path" value="D:\编程文件\Springboot2王鹤\springboot2.github.io\code\springboot-ssm03-login-v3-origin\target\test-classes;D:\编程文件\Springboot2王鹤\springboot2.github.io\code\springboot-ssm03-login-v3-origin\target\classes;D:\Myapps\maven\maven_repository\com\auth0\java-jwt\4.3.0\java-jwt-4.3.0.jar;D:\Myapps\maven\maven_repository\com\fasterxml\jackson\core\jackson-databind\2.15.3\jackson-databind-2.15.3.jar;D:\Myapps\maven\maven_repository\com\fasterxml\jackson\core\jackson-annotations\2.15.3\jackson-annotations-2.15.3.jar;D:\Myapps\maven\maven_repository\com\fasterxml\jackson\core\jackson-core\2.15.3\jackson-core-2.15.3.jar;D:\Myapps\maven\maven_repository\org\springframework\boot\spring-boot-starter-web\3.2.1\spring-boot-starter-web-3.2.1.jar;D:\Myapps\maven\maven_repository\org\springframework\boot\spring-boot-starter\3.2.1\spring-boot-starter-3.2.1.jar;D:\Myapps\maven\maven_repository\org\springframework\boot\spring-boot\3.2.1\spring-boot-3.2.1.jar;D:\Myapps\maven\maven_repository\org\springframework\boot\spring-boot-autoconfigure\3.2.1\spring-boot-autoconfigure-3.2.1.jar;D:\Myapps\maven\maven_repository\org\springframework\boot\spring-boot-starter-logging\3.2.1\spring-boot-starter-logging-3.2.1.jar;D:\Myapps\maven\maven_repository\ch\qos\logback\logback-classic\1.4.14\logback-classic-1.4.14.jar;D:\Myapps\maven\maven_repository\ch\qos\logback\logback-core\1.4.14\logback-core-1.4.14.jar;D:\Myapps\maven\maven_repository\org\apache\logging\log4j\log4j-to-slf4j\2.21.1\log4j-to-slf4j-2.21.1.jar;D:\Myapps\maven\maven_repository\org\apache\logging\log4j\log4j-api\2.21.1\log4j-api-2.21.1.jar;D:\Myapps\maven\maven_repository\org\slf4j\jul-to-slf4j\2.0.9\jul-to-slf4j-2.0.9.jar;D:\Myapps\maven\maven_repository\jakarta\annotation\jakarta.annotation-api\2.1.1\jakarta.annotation-api-2.1.1.jar;D:\Myapps\maven\maven_repository\org\yaml\snakeyaml\2.2\snakeyaml-2.2.jar;D:\Myapps\maven\maven_repository\org\springframework\boot\spring-boot-starter-json\3.2.1\spring-boot-starter-json-3.2.1.jar;D:\Myapps\maven\maven_repository\com\fasterxml\jackson\datatype\jackson-datatype-jdk8\2.15.3\jackson-datatype-jdk8-2.15.3.jar;D:\Myapps\maven\maven_repository\com\fasterxml\jackson\datatype\jackson-datatype-jsr310\2.15.3\jackson-datatype-jsr310-2.15.3.jar;D:\Myapps\maven\maven_repository\com\fasterxml\jackson\module\jackson-module-parameter-names\2.15.3\jackson-module-parameter-names-2.15.3.jar;D:\Myapps\maven\maven_repository\org\springframework\boot\spring-boot-starter-tomcat\3.2.1\spring-boot-starter-tomcat-3.2.1.jar;D:\Myapps\maven\maven_repository\org\apache\tomcat\embed\tomcat-embed-core\10.1.17\tomcat-embed-core-10.1.17.jar;D:\Myapps\maven\maven_repository\org\apache\tomcat\embed\tomcat-embed-el\10.1.17\tomcat-embed-el-10.1.17.jar;D:\Myapps\maven\maven_repository\org\apache\tomcat\embed\tomcat-embed-websocket\10.1.17\tomcat-embed-websocket-10.1.17.jar;D:\Myapps\maven\maven_repository\org\springframework\spring-web\6.1.2\spring-web-6.1.2.jar;D:\Myapps\maven\maven_repository\org\springframework\spring-beans\6.1.2\spring-beans-6.1.2.jar;D:\Myapps\maven\maven_repository\io\micrometer\micrometer-observation\1.12.1\micrometer-observation-1.12.1.jar;D:\Myapps\maven\maven_repository\io\micrometer\micrometer-commons\1.12.1\micrometer-commons-1.12.1.jar;D:\Myapps\maven\maven_repository\org\springframework\spring-webmvc\6.1.2\spring-webmvc-6.1.2.jar;D:\Myapps\maven\maven_repository\org\springframework\spring-aop\6.1.2\spring-aop-6.1.2.jar;D:\Myapps\maven\maven_repository\org\springframework\spring-context\6.1.2\spring-context-6.1.2.jar;D:\Myapps\maven\maven_repository\org\springframework\spring-expression\6.1.2\spring-expression-6.1.2.jar;D:\Myapps\maven\maven_repository\org\mybatis\spring\boot\mybatis-spring-boot-starter\3.0.3\mybatis-spring-boot-starter-3.0.3.jar;D:\Myapps\maven\maven_repository\org\springframework\boot\spring-boot-starter-jdbc\3.2.1\spring-boot-starter-jdbc-3.2.1.jar;D:\Myapps\maven\maven_repository\com\zaxxer\HikariCP\5.0.1\HikariCP-5.0.1.jar;D:\Myapps\maven\maven_repository\org\springframework\spring-jdbc\6.1.2\spring-jdbc-6.1.2.jar;D:\Myapps\maven\maven_repository\org\mybatis\spring\boot\mybatis-spring-boot-autoconfigure\3.0.3\mybatis-spring-boot-autoconfigure-3.0.3.jar;D:\Myapps\maven\maven_repository\org\mybatis\mybatis\3.5.14\mybatis-3.5.14.jar;D:\Myapps\maven\maven_repository\org\mybatis\mybatis-spring\3.0.3\mybatis-spring-3.0.3.jar;D:\Myapps\maven\maven_repository\com\mysql\mysql-connector-j\8.1.0\mysql-connector-j-8.1.0.jar;D:\Myapps\maven\maven_repository\org\springframework\boot\spring-boot-starter-test\3.2.1\spring-boot-starter-test-3.2.1.jar;D:\Myapps\maven\maven_repository\org\springframework\boot\spring-boot-test\3.2.1\spring-boot-test-3.2.1.jar;D:\Myapps\maven\maven_repository\org\springframework\boot\spring-boot-test-autoconfigure\3.2.1\spring-boot-test-autoconfigure-3.2.1.jar;D:\Myapps\maven\maven_repository\com\jayway\jsonpath\json-path\2.8.0\json-path-2.8.0.jar;D:\Myapps\maven\maven_repository\org\slf4j\slf4j-api\2.0.9\slf4j-api-2.0.9.jar;D:\Myapps\maven\maven_repository\jakarta\xml\bind\jakarta.xml.bind-api\4.0.1\jakarta.xml.bind-api-4.0.1.jar;D:\Myapps\maven\maven_repository\jakarta\activation\jakarta.activation-api\2.1.2\jakarta.activation-api-2.1.2.jar;D:\Myapps\maven\maven_repository\net\minidev\json-smart\2.5.0\json-smart-2.5.0.jar;D:\Myapps\maven\maven_repository\net\minidev\accessors-smart\2.5.0\accessors-smart-2.5.0.jar;D:\Myapps\maven\maven_repository\org\ow2\asm\asm\9.3\asm-9.3.jar;D:\Myapps\maven\maven_repository\org\assertj\assertj-core\3.24.2\assertj-core-3.24.2.jar;D:\Myapps\maven\maven_repository\net\bytebuddy\byte-buddy\1.14.10\byte-buddy-1.14.10.jar;D:\Myapps\maven\maven_repository\org\awaitility\awaitility\4.2.0\awaitility-4.2.0.jar;D:\Myapps\maven\maven_repository\org\hamcrest\hamcrest\2.2\hamcrest-2.2.jar;D:\Myapps\maven\maven_repository\org\junit\jupiter\junit-jupiter\5.10.1\junit-jupiter-5.10.1.jar;D:\Myapps\maven\maven_repository\org\junit\jupiter\junit-jupiter-api\5.10.1\junit-jupiter-api-5.10.1.jar;D:\Myapps\maven\maven_repository\org\opentest4j\opentest4j\1.3.0\opentest4j-1.3.0.jar;D:\Myapps\maven\maven_repository\org\junit\platform\junit-platform-commons\1.10.1\junit-platform-commons-1.10.1.jar;D:\Myapps\maven\maven_repository\org\apiguardian\apiguardian-api\1.1.2\apiguardian-api-1.1.2.jar;D:\Myapps\maven\maven_repository\org\junit\jupiter\junit-jupiter-params\5.10.1\junit-jupiter-params-5.10.1.jar;D:\Myapps\maven\maven_repository\org\junit\jupiter\junit-jupiter-engine\5.10.1\junit-jupiter-engine-5.10.1.jar;D:\Myapps\maven\maven_repository\org\junit\platform\junit-platform-engine\1.10.1\junit-platform-engine-1.10.1.jar;D:\Myapps\maven\maven_repository\org\mockito\mockito-core\5.7.0\mockito-core-5.7.0.jar;D:\Myapps\maven\maven_repository\net\bytebuddy\byte-buddy-agent\1.14.10\byte-buddy-agent-1.14.10.jar;D:\Myapps\maven\maven_repository\org\objenesis\objenesis\3.3\objenesis-3.3.jar;D:\Myapps\maven\maven_repository\org\mockito\mockito-junit-jupiter\5.7.0\mockito-junit-jupiter-5.7.0.jar;D:\Myapps\maven\maven_repository\org\skyscreamer\jsonassert\1.5.1\jsonassert-1.5.1.jar;D:\Myapps\maven\maven_repository\com\vaadin\external\google\android-json\0.0.20131108.vaadin1\android-json-0.0.20131108.vaadin1.jar;D:\Myapps\maven\maven_repository\org\springframework\spring-core\6.1.2\spring-core-6.1.2.jar;D:\Myapps\maven\maven_repository\org\springframework\spring-jcl\6.1.2\spring-jcl-6.1.2.jar;D:\Myapps\maven\maven_repository\org\springframework\spring-test\6.1.2\spring-test-6.1.2.jar;D:\Myapps\maven\maven_repository\org\xmlunit\xmlunit-core\2.9.1\xmlunit-core-2.9.1.jar;D:\Myapps\maven\maven_repository\org\mybatis\spring\boot\mybatis-spring-boot-starter-test\3.0.3\mybatis-spring-boot-starter-test-3.0.3.jar;D:\Myapps\maven\maven_repository\org\mybatis\spring\boot\mybatis-spring-boot-test-autoconfigure\3.0.3\mybatis-spring-boot-test-autoconfigure-3.0.3.jar;D:\Myapps\maven\maven_repository\org\springframework\spring-tx\6.1.2\spring-tx-6.1.2.jar;"/>
    <property name="sun.cpu.endian" value="little"/>
    <property name="user.home" value="C:\Users\28927"/>
    <property name="user.language" value="zh"/>
    <property name="java.specification.vendor" value="Oracle Corporation"/>
    <property name="java.version.date" value="2023-10-17"/>
    <property name="java.home" value="C:\Program Files\Java\jdk-17"/>
    <property name="file.separator" value="\"/>
    <property name="basedir" value="D:\编程文件\Springboot2王鹤\springboot2.github.io\code\springboot-ssm03-login-v3-origin"/>
    <property name="java.vm.compressedOopsMode" value="Zero based"/>
    <property name="line.separator" value="&#10;"/>
    <property name="java.vm.specification.vendor" value="Oracle Corporation"/>
    <property name="java.specification.name" value="Java Platform API Specification"/>
    <property name="FILE_LOG_CHARSET" value="GBK"/>
    <property name="java.awt.headless" value="true"/>
    <property name="surefire.real.class.path" value="C:\Users\28927\AppData\Local\Temp\surefire15637509937493817765\surefirebooter-20231228124937263_3.jar"/>
    <property name="user.script" value=""/>
    <property name="sun.management.compiler" value="HotSpot 64-Bit Tiered Compilers"/>
    <property name="java.runtime.version" value="17.0.9+11-LTS-201"/>
    <property name="user.name" value="28927"/>
    <property name="path.separator" value=";"/>
    <property name="os.version" value="10.0"/>
    <property name="java.runtime.name" value="Java(TM) SE Runtime Environment"/>
    <property name="file.encoding" value="GBK"/>
    <property name="java.vm.name" value="Java HotSpot(TM) 64-Bit Server VM"/>
    <property name="localRepository" value="D:\Myapps\maven\maven_repository"/>
    <property name="java.vendor.url.bug" value="https://bugreport.java.com/bugreport/"/>
    <property name="java.io.tmpdir" value="C:\Users\28927\AppData\Local\Temp\"/>
    <property name="idea.version" value="2021.3.3"/>
    <property name="java.version" value="17.0.9"/>
    <property name="user.dir" value="D:\编程文件\Springboot2王鹤\springboot2.github.io\code\springboot-ssm03-login-v3-origin"/>
    <property name="os.arch" value="amd64"/>
    <property name="java.vm.specification.name" value="Java Virtual Machine Specification"/>
    <property name="PID" value="18660"/>
    <property name="sun.os.patch.level" value=""/>
    <property name="CONSOLE_LOG_CHARSET" value="GBK"/>
    <property name="native.encoding" value="GBK"/>
    <property name="java.library.path" value="C:\Program Files\Java\jdk-17\bin;C:\Windows\Sun\Java\bin;C:\Windows\system32;C:\Windows;D:\Myapps\VMware16.1.1\bin\;C:\Windows\system32;C:\Windows;C:\Windows\System32\Wbem;C:\Windows\System32\WindowsPowerShell\v1.0\;C:\Windows\System32\OpenSSH\;C:\Program Files\Common Files\Autodesk Shared\;C:\Program Files\Microsoft SQL Server\120\Tools\Binn\;C:\Program Files\Git\cmd;D:\Myapps\mysql5.7\mysql-5.7.19-winx64\bin;D:\MyDev\dev\applications\apache-tomcat-10.1.17\bin;D:\MyDev\dev\applications\apache-tomcat-10.1.17\lib;C:\Program Files\dotnet\;E:\5g虚拟现实比赛资料\05-Unity\Unity\platform-tools;D:\Myapps\maven\apache-maven-3.3.9\bin;C:\Program Files\Java\jdk-17\bin;C:\Program Files\Java\jdk-17\jre\bin;C:\Users\28927\AppData\Local\Programs\Python\Python310\Scripts\;C:\Users\28927\AppData\Local\Programs\Python\Python310\;C:\Users\28927\AppData\Local\Microsoft\WindowsApps;D:\vscode\Microsoft VS Code\bin;C:\Users\28927\AppData\Local\GitHubDesktop\bin;D:\Myapps\qqgame\Hall.57938\;D:\Myapps\ideaU\IntelliJ IDEA 2021.3.3\bin;;C:\Users\28927\.dotnet\tools;;."/>
    <property name="java.vm.info" value="mixed mode, sharing"/>
    <property name="java.vendor" value="Oracle Corporation"/>
    <property name="java.vm.version" value="17.0.9+11-LTS-201"/>
    <property name="sun.io.unicode.encoding" value="UnicodeLittle"/>
    <property name="java.class.version" value="61.0"/>
  </properties>
  <testcase name="contextLoads" classname="com.weikai.SpringbootSsm03LoginV3OriginApplicationTests" time="1.418">
    <system-out><![CDATA[12:49:38.305 [main] INFO org.springframework.test.context.support.AnnotationConfigContextLoaderUtils -- Could not detect default configuration classes for test class [com.weikai.SpringbootSsm03LoginV3OriginApplicationTests]: SpringbootSsm03LoginV3OriginApplicationTests does not declare any static, non-private, non-final, nested classes annotated with @Configuration.
12:49:38.444 [main] INFO org.springframework.boot.test.context.SpringBootTestContextBootstrapper -- Found @SpringBootConfiguration com.weikai.LoginV3OriginApplication for test class com.weikai.SpringbootSsm03LoginV3OriginApplicationTests

  .   ____          _            __ _ _
 /\\ / ___'_ __ _ _(_)_ __  __ _ \ \ \ \
( ( )\___ | '_ | '_| | '_ \/ _` | \ \ \ \
 \\/  ___)| |_)| | | | | || (_| |  ) ) ) )
  '  |____| .__|_| |_|_| |_\__, | / / / /
 =========|_|==============|___/=/_/_/_/
 :: Spring Boot ::                (v3.2.1)

2023-12-28T12:49:39.124+08:00  INFO 18660 --- [           main] ngbootSsm03LoginV3OriginApplicationTests : Starting SpringbootSsm03LoginV3OriginApplicationTests using Java 17.0.9 with PID 18660 (started by 28927 in D:\编程文件\Springboot2王鹤\springboot2.github.io\code\springboot-ssm03-login-v3-origin)
2023-12-28T12:49:39.127+08:00  INFO 18660 --- [           main] ngbootSsm03LoginV3OriginApplicationTests : The following 1 profile is active: "loginV2"
Logging initialized using 'class org.apache.ibatis.logging.stdout.StdOutImpl' adapter.
2023-12-28T12:49:41.450+08:00  INFO 18660 --- [           main] o.s.b.a.w.s.WelcomePageHandlerMapping    : Adding welcome page: class path resource [static/index.html]
2023-12-28T12:49:42.044+08:00  INFO 18660 --- [           main] ngbootSsm03LoginV3OriginApplicationTests : Started SpringbootSsm03LoginV3OriginApplicationTests in 3.396 seconds (process running for 4.63)
]]></system-out>
  </testcase>
</testsuite>